\BOOKMARK [1][-]{section*.1}{\315ndice}{}% 1
\BOOKMARK [1][-]{section*.2}{\315ndice\040de\040figuras}{}% 2
\BOOKMARK [1][-]{section*.3}{\315ndice\040de\040tablas}{}% 3
\BOOKMARK [1][-]{section.1}{Periodos\040horarios}{}% 4
\BOOKMARK [2][-]{subsection.1.1}{Segmentos\040tarifarios}{section.1}% 5
\BOOKMARK [2][-]{subsection.1.2}{Discriminaciones\040horarias}{section.1}% 6
\BOOKMARK [3][-]{subsubsection.1.2.1}{Consumidores\040conectados\040en\040baja\040tensi\363n\040con\040potencia\040contratada\040igual\040o\040inferior\040a\04015\040kW}{subsection.1.2}% 7
\BOOKMARK [3][-]{subsubsection.1.2.2}{Consumidores\040conectados\040en\040baja\040tensi\363n\040con\040potencia\040contratada\040superior\040a\04015\040kW\040y\040a\040los\040consumidores\040conectados\040en\040media\040tensi\363n\040con\040potencia\040contratada\040inferior\040a\040450\040kW}{subsection.1.2}% 8
\BOOKMARK [1][-]{section.2}{Facturaci\363n\040[Tarifa\0403.0\040TD\040]}{}% 9
\BOOKMARK [2][-]{subsection.2.1}{Facturaci\363n\040por\040potencia\040contratada}{section.2}% 10
\BOOKMARK [3][-]{subsubsection.2.1.1}{Introduccion}{subsection.2.1}% 11
\BOOKMARK [3][-]{subsubsection.2.1.2}{Precios\040de\040los\040t\351rminos\040de\040potencia\040contratada}{subsection.2.1}% 12
\BOOKMARK [3][-]{subsubsection.2.1.3}{Facturaci\363n\040}{subsection.2.1}% 13
\BOOKMARK [1][-]{section.3}{Conclusiones}{}% 14
\BOOKMARK [1][-]{section.4}{Recomendaciones}{}% 15
\BOOKMARK [1][-]{section.4}{Referencias}{}% 16
\BOOKMARK [1][-]{section.5}{Variables\040para\040insertar\040en\040el\040latex}{}% 17
\BOOKMARK [2][-]{subsection.5.1}{ppp.\040Parametros}{section.5}% 18
\BOOKMARK [2][-]{subsection.5.2}{xxx.\040DataFrames}{section.5}% 19
\BOOKMARK [2][-]{subsection.5.3}{x2g.\040DataFrames\040para\040graficos}{section.5}% 20
\BOOKMARK [2][-]{subsection.5.4}{x2t.\040DataFrames\040para\040tablas}{section.5}% 21
\BOOKMARK [2][-]{subsection.5.5}{ggg.\040Graficos}{section.5}% 22
\BOOKMARK [2][-]{subsection.5.6}{ttt.\040Tablas}{section.5}% 23
\BOOKMARK [2][-]{subsection.5.7}{mmm.\040Meta}{section.5}% 24
\BOOKMARK [2][-]{subsection.5.8}{yyy.\040Calculados}{section.5}% 25
